INFO:  latexindent.pl version 3.24.7, 2025-08-15, a script to indent .tex files
       latexindent.pl lives here: /opt/homebrew/Cellar/latexindent/3.24.7_1/libexec/bin/
       Wed Apr 29 23:18:22 2026
       Filename: hw4-solution.tex
INFO:  Processing switches:
       -w|--overwrite: Overwrite mode active, will make a back up before overwriting
       -l|--localSettings: Read localSettings YAML file
       -m|--modifylinebreaks: modify line breaks
INFO:  Directory for backup files and log file indent.log:
       .
INFO:  Perl modules are being loaded from the following directories:
       /opt/homebrew/opt/perl/lib/perl5/5.42/FindBin.pm
       /opt/homebrew/Cellar/latexindent/3.24.7_1/libexec/lib/perl5/YAML/Tiny.pm
       /opt/homebrew/opt/perl/lib/perl5/5.42/File/Copy.pm
       /opt/homebrew/opt/perl/lib/perl5/5.42/File/Basename.pm
       /opt/homebrew/opt/perl/lib/perl5/5.42/Getopt/Long.pm
       /opt/homebrew/Cellar/latexindent/3.24.7_1/libexec/lib/perl5/File/HomeDir.pm
INFO:  LatexIndent perl modules are being loaded from, for example:
       /opt/homebrew/Cellar/latexindent/3.24.7_1/libexec/lib/perl5/LatexIndent/Document.pm
INFO:  YAML settings read: defaultSettings.yaml
       Reading defaultSettings.yaml from /opt/homebrew/Cellar/latexindent/3.24.7_1/libexec/bin/defaultSettings.yaml
INFO:  YAML reading settings
       Home directory is /Users/sean
       latexindent.pl didn't find indentconfig.yaml or .indentconfig.yaml
       see all possible locations: https://latexindentpl.readthedocs.io/en/latest/sec-appendices.html#indentconfig-options)
INFO:  YAML settings read: -l switch
WARN:  yaml file not found: localSettings.yaml not found. Proceeding without it.
INFO:  Backup procedure (-w flag active):
       Backing up hw4-solution.tex to ./hw4-solution.bak0...
       hw4-solution.tex will be overwritten after indentation
INFO:  Phase 1: searching for objects
INFO:  Phase 2: finding surrounding indentation
INFO:  Phase 3: indenting objects
INFO:  Phase 4: final indentation check
INFO:  Output routine:
       Overwriting file hw4-solution.tex
       --------------
INFO:  Please direct all communication/issues to:
        https://github.com/cmhughes/latexindent.pl
